2023-10-07 22:29:11 [scrapy.utils.log] INFO: Scrapy 2.11.0 started (bot: post)
2023-10-07 22:29:11 [scrapy.utils.log] INFO: Versions: lxml 4.6.3.0, libxml2 2.9.10, cssselect 1.2.0, parsel 1.8.1, w3lib 2.1.2, Twisted 22.10.0, Python 3.8.8 (default, Apr 13 2021, 15:08:03) [MSC v.1916 64 bit (AMD64)], pyOpenSSL 23.2.0 (OpenSSL 3.1.3 19 Sep 2023), cryptography 41.0.4, Platform Windows-10-10.0.22621-SP0
2023-10-07 22:29:11 [scrapy.addons] INFO: Enabled addons:
[]
2023-10-07 22:29:11 [asyncio] DEBUG: Using selector: SelectSelector
2023-10-07 22:29:11 [scrapy.utils.log] DEBUG: Using reactor: twisted.internet.asyncioreactor.AsyncioSelectorReactor
2023-10-07 22:29:11 [scrapy.utils.log] DEBUG: Using asyncio event loop: asyncio.windows_events._WindowsSelectorEventLoop
2023-10-07 22:29:11 [scrapy.extensions.telnet] INFO: Telnet Password: 0a39027869d132ea
2023-10-07 22:29:11 [scrapy.middleware] INFO: Enabled extensions:
['scrapy.extensions.corestats.CoreStats',
 'scrapy.extensions.telnet.TelnetConsole',
 'scrapy.extensions.logstats.LogStats']
2023-10-07 22:29:11 [scrapy.crawler] INFO: Overridden settings:
{'BOT_NAME': 'post',
 'FEED_EXPORT_ENCODING': 'utf-8',
 'LOG_FILE': 'logdemo.log',
 'NEWSPIDER_MODULE': 'post.spiders',
 'REQUEST_FINGERPRINTER_IMPLEMENTATION': '2.7',
 'ROBOTSTXT_OBEY': True,
 'SPIDER_MODULES': ['post.spiders'],
 'TWISTED_REACTOR': 'twisted.internet.asyncioreactor.AsyncioSelectorReactor'}
2023-10-07 22:29:12 [scrapy.middleware] INFO: Enabled downloader middlewares:
['scrapy.downloadermiddlewares.robotstxt.RobotsTxtMiddleware',
 'scrapy.downloadermiddlewares.httpauth.HttpAuthMiddleware',
 'scrapy.downloadermiddlewares.downloadtimeout.DownloadTimeoutMiddleware',
 'scrapy.downloadermiddlewares.defaultheaders.DefaultHeadersMiddleware',
 'scrapy.downloadermiddlewares.useragent.UserAgentMiddleware',
 'scrapy.downloadermiddlewares.retry.RetryMiddleware',
 'scrapy.downloadermiddlewares.redirect.MetaRefreshMiddleware',
 'scrapy.downloadermiddlewares.httpcompression.HttpCompressionMiddleware',
 'scrapy.downloadermiddlewares.redirect.RedirectMiddleware',
 'scrapy.downloadermiddlewares.cookies.CookiesMiddleware',
 'scrapy.downloadermiddlewares.httpproxy.HttpProxyMiddleware',
 'scrapy.downloadermiddlewares.stats.DownloaderStats']
2023-10-07 22:29:12 [scrapy.middleware] INFO: Enabled spider middlewares:
['scrapy.spidermiddlewares.httperror.HttpErrorMiddleware',
 'scrapy.spidermiddlewares.offsite.OffsiteMiddleware',
 'scrapy.spidermiddlewares.referer.RefererMiddleware',
 'scrapy.spidermiddlewares.urllength.UrlLengthMiddleware',
 'scrapy.spidermiddlewares.depth.DepthMiddleware']
2023-10-07 22:29:12 [scrapy.middleware] INFO: Enabled item pipelines:
[]
2023-10-07 22:29:12 [scrapy.core.engine] INFO: Spider opened
2023-10-07 22:29:12 [scrapy.extensions.logstats] INFO: Crawled 0 pages (at 0 pages/min), scraped 0 items (at 0 items/min)
2023-10-07 22:29:12 [scrapy.extensions.telnet] INFO: Telnet console listening on 127.0.0.1:6023
2023-10-07 22:29:12 [scrapy.core.engine] DEBUG: Crawled (200) <GET https://fanyi.baidu.com/robots.txt> (referer: None)
2023-10-07 22:29:12 [scrapy.core.engine] DEBUG: Crawled (200) <POST https://fanyi.baidu.com/sug> (referer: None)
2023-10-07 22:29:12 [scrapy.core.engine] INFO: Closing spider (finished)
2023-10-07 22:29:12 [scrapy.statscollectors] INFO: Dumping Scrapy stats:
{'downloader/request_bytes': 566,
 'downloader/request_count': 2,
 'downloader/request_method_count/GET': 1,
 'downloader/request_method_count/POST': 1,
 'downloader/response_bytes': 1059,
 'downloader/response_count': 2,
 'downloader/response_status_count/200': 2,
 'elapsed_time_seconds': 0.486078,
 'finish_reason': 'finished',
 'finish_time': datetime.datetime(2023, 10, 7, 14, 29, 12, 580522, tzinfo=datetime.timezone.utc),
 'httpcompression/response_bytes': 686,
 'httpcompression/response_count': 2,
 'log_count/DEBUG': 5,
 'log_count/INFO': 10,
 'response_received_count': 2,
 'robotstxt/request_count': 1,
 'robotstxt/response_count': 1,
 'robotstxt/response_status_count/200': 1,
 'scheduler/dequeued': 1,
 'scheduler/dequeued/memory': 1,
 'scheduler/enqueued': 1,
 'scheduler/enqueued/memory': 1,
 'start_time': datetime.datetime(2023, 10, 7, 14, 29, 12, 94444, tzinfo=datetime.timezone.utc)}
2023-10-07 22:29:12 [scrapy.core.engine] INFO: Spider closed (finished)
2023-10-07 22:29:38 [scrapy.utils.log] INFO: Scrapy 2.11.0 started (bot: post)
2023-10-07 22:29:38 [scrapy.utils.log] INFO: Versions: lxml 4.6.3.0, libxml2 2.9.10, cssselect 1.2.0, parsel 1.8.1, w3lib 2.1.2, Twisted 22.10.0, Python 3.8.8 (default, Apr 13 2021, 15:08:03) [MSC v.1916 64 bit (AMD64)], pyOpenSSL 23.2.0 (OpenSSL 3.1.3 19 Sep 2023), cryptography 41.0.4, Platform Windows-10-10.0.22621-SP0
2023-10-07 22:29:38 [scrapy.addons] INFO: Enabled addons:
[]
2023-10-07 22:29:38 [asyncio] DEBUG: Using selector: SelectSelector
2023-10-07 22:29:38 [scrapy.utils.log] DEBUG: Using reactor: twisted.internet.asyncioreactor.AsyncioSelectorReactor
2023-10-07 22:29:38 [scrapy.utils.log] DEBUG: Using asyncio event loop: asyncio.windows_events._WindowsSelectorEventLoop
2023-10-07 22:29:38 [scrapy.extensions.telnet] INFO: Telnet Password: 52a9666993b13f72
2023-10-07 22:29:38 [scrapy.middleware] INFO: Enabled extensions:
['scrapy.extensions.corestats.CoreStats',
 'scrapy.extensions.telnet.TelnetConsole',
 'scrapy.extensions.logstats.LogStats']
2023-10-07 22:29:38 [scrapy.crawler] INFO: Overridden settings:
{'BOT_NAME': 'post',
 'FEED_EXPORT_ENCODING': 'utf-8',
 'LOG_FILE': 'logdemo.log',
 'NEWSPIDER_MODULE': 'post.spiders',
 'REQUEST_FINGERPRINTER_IMPLEMENTATION': '2.7',
 'ROBOTSTXT_OBEY': True,
 'SPIDER_MODULES': ['post.spiders'],
 'TWISTED_REACTOR': 'twisted.internet.asyncioreactor.AsyncioSelectorReactor'}
2023-10-07 22:29:38 [scrapy.middleware] INFO: Enabled downloader middlewares:
['scrapy.downloadermiddlewares.robotstxt.RobotsTxtMiddleware',
 'scrapy.downloadermiddlewares.httpauth.HttpAuthMiddleware',
 'scrapy.downloadermiddlewares.downloadtimeout.DownloadTimeoutMiddleware',
 'scrapy.downloadermiddlewares.defaultheaders.DefaultHeadersMiddleware',
 'scrapy.downloadermiddlewares.useragent.UserAgentMiddleware',
 'scrapy.downloadermiddlewares.retry.RetryMiddleware',
 'scrapy.downloadermiddlewares.redirect.MetaRefreshMiddleware',
 'scrapy.downloadermiddlewares.httpcompression.HttpCompressionMiddleware',
 'scrapy.downloadermiddlewares.redirect.RedirectMiddleware',
 'scrapy.downloadermiddlewares.cookies.CookiesMiddleware',
 'scrapy.downloadermiddlewares.httpproxy.HttpProxyMiddleware',
 'scrapy.downloadermiddlewares.stats.DownloaderStats']
2023-10-07 22:29:38 [scrapy.middleware] INFO: Enabled spider middlewares:
['scrapy.spidermiddlewares.httperror.HttpErrorMiddleware',
 'scrapy.spidermiddlewares.offsite.OffsiteMiddleware',
 'scrapy.spidermiddlewares.referer.RefererMiddleware',
 'scrapy.spidermiddlewares.urllength.UrlLengthMiddleware',
 'scrapy.spidermiddlewares.depth.DepthMiddleware']
2023-10-07 22:29:38 [scrapy.middleware] INFO: Enabled item pipelines:
[]
2023-10-07 22:29:38 [scrapy.core.engine] INFO: Spider opened
2023-10-07 22:29:38 [scrapy.extensions.logstats] INFO: Crawled 0 pages (at 0 pages/min), scraped 0 items (at 0 items/min)
2023-10-07 22:29:38 [scrapy.extensions.telnet] INFO: Telnet console listening on 127.0.0.1:6023
2023-10-07 22:29:39 [scrapy.core.engine] DEBUG: Crawled (200) <GET https://fanyi.baidu.com/robots.txt> (referer: None)
2023-10-07 22:29:39 [scrapy.core.engine] DEBUG: Crawled (200) <POST https://fanyi.baidu.com/sug> (referer: None)
2023-10-07 22:29:39 [scrapy.core.engine] INFO: Closing spider (finished)
2023-10-07 22:29:39 [scrapy.statscollectors] INFO: Dumping Scrapy stats:
{'downloader/request_bytes': 566,
 'downloader/request_count': 2,
 'downloader/request_method_count/GET': 1,
 'downloader/request_method_count/POST': 1,
 'downloader/response_bytes': 1059,
 'downloader/response_count': 2,
 'downloader/response_status_count/200': 2,
 'elapsed_time_seconds': 0.538656,
 'finish_reason': 'finished',
 'finish_time': datetime.datetime(2023, 10, 7, 14, 29, 39, 504674, tzinfo=datetime.timezone.utc),
 'httpcompression/response_bytes': 686,
 'httpcompression/response_count': 2,
 'log_count/DEBUG': 5,
 'log_count/INFO': 10,
 'response_received_count': 2,
 'robotstxt/request_count': 1,
 'robotstxt/response_count': 1,
 'robotstxt/response_status_count/200': 1,
 'scheduler/dequeued': 1,
 'scheduler/dequeued/memory': 1,
 'scheduler/enqueued': 1,
 'scheduler/enqueued/memory': 1,
 'start_time': datetime.datetime(2023, 10, 7, 14, 29, 38, 966018, tzinfo=datetime.timezone.utc)}
2023-10-07 22:29:39 [scrapy.core.engine] INFO: Spider closed (finished)
